#
# A fatal error has been detected by the Java Runtime Environment:
#
#  EXCEPTION_ACCESS_VIOLATION (0xc0000005) at pc=0x0000000075f4e989, pid=4192, tid=13364
#
# JRE version: Java(TM) SE Runtime Environment (10.0.1+10) (build 10.0.1+10)
# Java VM: Java HotSpot(TM) 64-Bit Server VM (10.0.1+10, mixed mode, tiered, compressed oops, g1 gc, windows-amd64)
# Problematic frame:
# V  [jvm.dll+0x22e989]
#
# No core dump will be written. Minidumps are not enabled by default on client versions of Windows
#
# If you would like to submit a bug report, please visit:
#   http://bugreport.java.com/bugreport/crash.jsp
#

---------------  S U M M A R Y ------------

Command Line: -agentlib:jdwp=transport=dt_socket,address=127.0.0.1:49660,suspend=y,server=n -javaagent:C:\Users\H_K_K\.IdeaIC2018.1\system\captureAgent\debugger-agent.jar=file:/C:/Users/H_K_K/AppData/Local/Temp/capture.props -Dfile.encoding=UTF-8 Whiteboard05_Array_rotate

Host: Intel(R) Core(TM) i7-8550U CPU @ 1.80GHz, 8 cores, 7G,  Windows 10 , 64 bit Build 17134 (10.0.17134.1)
Time: Fri Jul 13 13:35:50 2018 Pacific Daylight Time elapsed time: 92 seconds (0d 0h 1m 32s)

---------------  T H R E A D  ---------------

Current thread (0x000002050273f800):  VMThread "VM Thread" [stack: 0x00000060a1400000,0x00000060a1500000] [id=13364]

Stack: [0x00000060a1400000,0x00000060a1500000],  sp=0x00000060a14feea8,  free space=1019k
Native frames: (J=compiled Java code, j=interpreted, Vv=VM code, C=native code)
V  [jvm.dll+0x22e989]


siginfo: EXCEPTION_ACCESS_VIOLATION (0xc0000005), reading address 0x0000020502d676a0


Register to memory mapping:

RIP=0x0000000075f4e989 jvm.dll
RAX=0x0000000000194060 is an unknown value
RBX=0x0000020502bd3138 is pointing into metadata
RCX=0x0000020502bd3640 is pointing into metadata
RDX=0x000000000000ca02 is an unknown value
RSP=0x00000060a14feea8 is an unknown value
RBP=0x0000000000000001 is an unknown value
RSI=0x00000060a14ff150 is an unknown value
RDI=0x00000060a14ff150 is an unknown value
R8 =0x0000000000000000 is an unknown value
R9 =0x0000020502bd3138 is pointing into metadata
R10=0x00000205025c21b8 is an unknown value
R11=0x00000205025c20a0 is an unknown value
R12=0x000000007649d601 jvm.dll
R13=0x0000000000000000 is an unknown value
R14=0x0000000000000001 is an unknown value
R15=0x00000000000000f0 is an unknown value


Registers:
RAX=0x0000000000194060, RBX=0x0000020502bd3138, RCX=0x0000020502bd3640, RDX=0x000000000000ca02
RSP=0x00000060a14feea8, RBP=0x0000000000000001, RSI=0x00000060a14ff150, RDI=0x00000060a14ff150
R8 =0x0000000000000000, R9 =0x0000020502bd3138, R10=0x00000205025c21b8, R11=0x00000205025c20a0
R12=0x000000007649d601, R13=0x0000000000000000, R14=0x0000000000000001, R15=0x00000000000000f0
RIP=0x0000000075f4e989, EFLAGS=0x0000000000010206

Top of Stack: (sp=0x00000060a14feea8)
0x00000060a14feea8:   000000007603d7c3 00000060a14fe1ff
0x00000060a14feeb8:   00000060a14ff150 0000000000000000
0x00000060a14feec8:   0000000000000000 00000060a14ff150
0x00000060a14feed8:   0000000076040d95 00000205025c1fa8
0x00000060a14feee8:   000000007604130f 00003b4433c240e1
0x00000060a14feef8:   0000000000000006 0000000000000006
0x00000060a14fef08:   00000060a14fefa0 00000060a14ff150
0x00000060a14fef18:   000000007603fb40 00000060a14ff150
0x00000060a14fef28:   000000000000002b 0000000000000001
0x00000060a14fef38:   00000060a14ff150 000000000000002b
0x00000060a14fef48:   0000000000000005 00000000000000f0
0x00000060a14fef58:   0000000000000034 00000205025c2070
0x00000060a14fef68:   00000000760401ce 00000060a14ff150
0x00000060a14fef78:   00000060a14fefd0 0000000000000006
0x00000060a14fef88:   00000205025c2070 0000000000006001
0x00000060a14fef98:   0000000076042071 0000020502bd35b0 

Instructions: (pc=0x0000000075f4e989)
0x0000000075f4e969:   c2 48 ff c0 48 c1 e0 05 48 8b 04 08 0f b7 c0 41
0x0000000075f4e979:   0f b7 44 c1 42 c3 48 63 c2 48 ff c0 48 c1 e0 05
0x0000000075f4e989:   48 8b 04 08 0f b7 d0 48 63 c2 41 0f b7 44 c1 42
0x0000000075f4e999:   c3 49 8b 41 08 48 63 ca 0f b6 44 08 04 3c 12 75 


VM_Operation (0x00000060a1efef10): GetOrSetLocal, mode: safepoint, requested by thread 0x00000205032f9000


---------------  P R O C E S S  ---------------

Threads class SMR info:
_java_thread_list=0x0000020503661ee0, length=15, elements={
0x000002055eae7800, 0x0000020502745000, 0x000002050274d800, 0x0000020502f9b800,
0x0000020502f9c000, 0x0000020502fa3000, 0x0000020502fa3800, 0x0000020502fad000,
0x0000020502fb0000, 0x0000020502fc9000, 0x00000205032f9000, 0x0000020503339000,
0x0000020503755000, 0x0000020503604000, 0x00000205035f5000
}

Java Threads: ( => current thread )
  0x000002055eae7800 JavaThread "main" [_thread_blocked, id=8252, stack(0x000000609ff00000,0x00000060a0000000)]
  0x0000020502745000 JavaThread "Reference Handler" daemon [_thread_blocked, id=14636, stack(0x00000060a1500000,0x00000060a1600000)]
  0x000002050274d800 JavaThread "Finalizer" daemon [_thread_blocked, id=1872, stack(0x00000060a1600000,0x00000060a1700000)]
  0x0000020502f9b800 JavaThread "Signal Dispatcher" daemon [_thread_blocked, id=9924, stack(0x00000060a1700000,0x00000060a1800000)]
  0x0000020502f9c000 JavaThread "Attach Listener" daemon [_thread_blocked, id=1800, stack(0x00000060a1800000,0x00000060a1900000)]
  0x0000020502fa3000 JavaThread "C2 CompilerThread0" daemon [_thread_blocked, id=1448, stack(0x00000060a1900000,0x00000060a1a00000)]
  0x0000020502fa3800 JavaThread "C2 CompilerThread1" daemon [_thread_blocked, id=9776, stack(0x00000060a1a00000,0x00000060a1b00000)]
  0x0000020502fad000 JavaThread "C2 CompilerThread2" daemon [_thread_blocked, id=15968, stack(0x00000060a1b00000,0x00000060a1c00000)]
  0x0000020502fb0000 JavaThread "C1 CompilerThread3" daemon [_thread_blocked, id=14864, stack(0x00000060a1c00000,0x00000060a1d00000)]
  0x0000020502fc9000 JavaThread "Sweeper thread" daemon [_thread_blocked, id=392, stack(0x00000060a1d00000,0x00000060a1e00000)]
  0x00000205032f9000 JavaThread "JDWP Transport Listener: dt_socket" daemon [_thread_blocked, id=7228, stack(0x00000060a1e00000,0x00000060a1f00000)] _threads_hazard_ptr=0x0000020503661ee0
  0x0000020503339000 JavaThread "JDWP Event Helper Thread" daemon [_thread_blocked, id=16396, stack(0x00000060a1f00000,0x00000060a2000000)]
  0x0000020503755000 JavaThread "JDWP Command Reader" daemon [_thread_in_native, id=12188, stack(0x00000060a2000000,0x00000060a2100000)]
  0x0000020503604000 JavaThread "Common-Cleaner" daemon [_thread_blocked, id=15308, stack(0x00000060a2100000,0x00000060a2200000)]
  0x00000205035f5000 JavaThread "Service Thread" daemon [_thread_blocked, id=12912, stack(0x00000060a2200000,0x00000060a2300000)]

Other Threads:
=>0x000002050273f800 VMThread "VM Thread" [stack: 0x00000060a1400000,0x00000060a1500000] [id=13364]
  0x0000020503664000 WatcherThread [stack: 0x00000060a2300000,0x00000060a2400000] [id=14948]
  0x000002055eb04800 GCTaskThread "GC Thread#0" [stack: 0x00000060a0000000,0x00000060a0100000] [id=15688]
  0x000002055eb05800 GCTaskThread "GC Thread#1" [stack: 0x00000060a0100000,0x00000060a0200000] [id=2616]
  0x000002055eb09000 GCTaskThread "GC Thread#2" [stack: 0x00000060a0200000,0x00000060a0300000] [id=13344]
  0x000002055eb0e800 GCTaskThread "GC Thread#3" [stack: 0x00000060a0300000,0x00000060a0400000] [id=2872]
  0x000002055eb12800 GCTaskThread "GC Thread#4" [stack: 0x00000060a0400000,0x00000060a0500000] [id=4136]
  0x000002055eb13000 GCTaskThread "GC Thread#5" [stack: 0x00000060a0500000,0x00000060a0600000] [id=6536]
  0x000002055eb15800 GCTaskThread "GC Thread#6" [stack: 0x00000060a0600000,0x00000060a0700000] [id=1080]
  0x000002055eb1e800 GCTaskThread "GC Thread#7" [stack: 0x00000060a0700000,0x00000060a0800000] [id=16928]
  0x000002055eb90000 ConcurrentGCThread "G1 Main Marker" [stack: 0x00000060a0800000,0x00000060a0900000] [id=8300]
  0x000002055eb91000 ConcurrentGCThread "G1 Conc#0" [stack: 0x00000060a0900000,0x00000060a0a00000] [id=2024]
  0x000002055eb94000 ConcurrentGCThread "G1 Conc#1" [stack: 0x00000060a0a00000,0x00000060a0b00000] [id=6724]
  0x00000205025a6800 ConcurrentGCThread "G1 Refine#0" [stack: 0x00000060a0b00000,0x00000060a0c00000] [id=16656]
  0x000002055ebbe800 ConcurrentGCThread "G1 Refine#1" [stack: 0x00000060a0c00000,0x00000060a0d00000] [id=15328]
  0x00000205025a9000 ConcurrentGCThread "G1 Refine#2" [stack: 0x00000060a0d00000,0x00000060a0e00000] [id=11924]
  0x00000205025b5000 ConcurrentGCThread "G1 Refine#3" [stack: 0x00000060a0e00000,0x00000060a0f00000] [id=13484]
  0x00000205025b7000 ConcurrentGCThread "G1 Refine#4" [stack: 0x00000060a0f00000,0x00000060a1000000] [id=1832]
  0x00000205025b9800 ConcurrentGCThread "G1 Refine#5" [stack: 0x00000060a1000000,0x00000060a1100000] [id=15128]
  0x00000205025ba000 ConcurrentGCThread "G1 Refine#6" [stack: 0x00000060a1100000,0x00000060a1200000] [id=7064]
  0x00000205025b8800 ConcurrentGCThread "G1 Refine#7" [stack: 0x00000060a1200000,0x00000060a1300000] [id=1196]
  0x00000205025cd800 ConcurrentGCThread "G1 Young RemSet Sampling" [stack: 0x00000060a1300000,0x00000060a1400000] [id=512]

Threads with active compile tasks:

VM state:at safepoint (normal execution)

VM Mutex/Monitor currently owned by a thread:  ([mutex/lock_event])
[0x000002055eae7010] Threads_lock - owner thread: 0x000002050273f800

Heap address: 0x0000000081e00000, size: 2018 MB, Compressed Oops mode: 32-bit
Narrow klass base: 0x0000000000000000, Narrow klass shift: 3
Compressed class space size: 1073741824 Address: 0x0000000100000000

Heap:
 garbage-first heap   total 131072K, used 2048K [0x0000000081e00000, 0x0000000100000000)
  region size 1024K, 3 young (3072K), 0 survivors (0K)
 Metaspace       used 5155K, capacity 5264K, committed 5376K, reserved 1056768K
  class space    used 435K, capacity 496K, committed 512K, reserved 1048576K
Heap Regions: E=young(eden), S=young(survivor), O=old, HS=humongous(starts), HC=humongous(continues), CS=collection set, F=free, A=archive, TS=gc time stamp, AC=allocation context, TAMS=top-at-mark-start (previous, next)
|   0|0x0000000081e00000, 0x0000000081e00000, 0x0000000081f00000|  0%| F|  |TS  0|AC  0|TAMS 0x0000000081e00000, 0x0000000081e00000|
|   1|0x0000000081f00000, 0x0000000081f00000, 0x0000000082000000|  0%| F|  |TS  0|AC  0|TAMS 0x0000000081f00000, 0x0000000081f00000|
|   2|0x0000000082000000, 0x0000000082000000, 0x0000000082100000|  0%| F|  |TS  0|AC  0|TAMS 0x0000000082000000, 0x0000000082000000|
|   3|0x0000000082100000, 0x0000000082100000, 0x0000000082200000|  0%| F|  |TS  0|AC  0|TAMS 0x0000000082100000, 0x0000000082100000|
|   4|0x0000000082200000, 0x0000000082200000, 0x0000000082300000|  0%| F|  |TS  0|AC  0|TAMS 0x0000000082200000, 0x0000000082200000|
|   5|0x0000000082300000, 0x0000000082300000, 0x0000000082400000|  0%| F|  |TS  0|AC  0|TAMS 0x0000000082300000, 0x0000000082300000|
|   6|0x0000000082400000, 0x0000000082400000, 0x0000000082500000|  0%| F|  |TS  0|AC  0|TAMS 0x0000000082400000, 0x0000000082400000|
|   7|0x0000000082500000, 0x0000000082500000, 0x0000000082600000|  0%| F|  |TS  0|AC  0|TAMS 0x0000000082500000, 0x0000000082500000|
|   8|0x0000000082600000, 0x0000000082600000, 0x0000000082700000|  0%| F|  |TS  0|AC  0|TAMS 0x0000000082600000, 0x0000000082600000|
|   9|0x0000000082700000, 0x0000000082700000, 0x0000000082800000|  0%| F|  |TS  0|AC  0|TAMS 0x0000000082700000, 0x0000000082700000|
|  10|0x0000000082800000, 0x0000000082800000, 0x0000000082900000|  0%| F|  |TS  0|AC  0|TAMS 0x0000000082800000, 0x0000000082800000|
|  11|0x0000000082900000, 0x0000000082900000, 0x0000000082a00000|  0%| F|  |TS  0|AC  0|TAMS 0x0000000082900000, 0x0000000082900000|
|  12|0x0000000082a00000, 0x0000000082a00000, 0x0000000082b00000|  0%| F|  |TS  0|AC  0|TAMS 0x0000000082a00000, 0x0000000082a00000|
|  13|0x0000000082b00000, 0x0000000082b00000, 0x0000000082c00000|  0%| F|  |TS  0|AC  0|TAMS 0x0000000082b00000, 0x0000000082b00000|
|  14|0x0000000082c00000, 0x0000000082c00000, 0x0000000082d00000|  0%| F|  |TS  0|AC  0|TAMS 0x0000000082c00000, 0x0000000082c00000|
|  15|0x0000000082d00000, 0x0000000082d00000, 0x0000000082e00000|  0%| F|  |TS  0|AC  0|TAMS 0x0000000082d00000, 0x0000000082d00000|
|  16|0x0000000082e00000, 0x0000000082e00000, 0x0000000082f00000|  0%| F|  |TS  0|AC  0|TAMS 0x0000000082e00000, 0x0000000082e00000|
|  17|0x0000000082f00000, 0x0000000082f00000, 0x0000000083000000|  0%| F|  |TS  0|AC  0|TAMS 0x0000000082f00000, 0x0000000082f00000|
|  18|0x0000000083000000, 0x0000000083000000, 0x0000000083100000|  0%| F|  |TS  0|AC  0|TAMS 0x0000000083000000, 0x0000000083000000|
|  19|0x0000000083100000, 0x0000000083100000, 0x0000000083200000|  0%| F|  |TS  0|AC  0|TAMS 0x0000000083100000, 0x0000000083100000|
|  20|0x0000000083200000, 0x0000000083200000, 0x0000000083300000|  0%| F|  |TS  0|AC  0|TAMS 0x0000000083200000, 0x0000000083200000|
|  21|0x0000000083300000, 0x0000000083300000, 0x0000000083400000|  0%| F|  |TS  0|AC  0|TAMS 0x0000000083300000, 0x0000000083300000|
|  22|0x0000000083400000, 0x0000000083400000, 0x0000000083500000|  0%| F|  |TS  0|AC  0|TAMS 0x0000000083400000, 0x0000000083400000|
|  23|0x0000000083500000, 0x0000000083500000, 0x0000000083600000|  0%| F|  |TS  0|AC  0|TAMS 0x0000000083500000, 0x0000000083500000|
|  24|0x0000000083600000, 0x0000000083600000, 0x0000000083700000|  0%| F|  |TS  0|AC  0|TAMS 0x0000000083600000, 0x0000000083600000|
|  25|0x0000000083700000, 0x0000000083700000, 0x0000000083800000|  0%| F|  |TS  0|AC  0|TAMS 0x0000000083700000, 0x0000000083700000|
|  26|0x0000000083800000, 0x0000000083800000, 0x0000000083900000|  0%| F|  |TS  0|AC  0|TAMS 0x0000000083800000, 0x0000000083800000|
|  27|0x0000000083900000, 0x0000000083900000, 0x0000000083a00000|  0%| F|  |TS  0|AC  0|TAMS 0x0000000083900000, 0x0000000083900000|
|  28|0x0000000083a00000, 0x0000000083a00000, 0x0000000083b00000|  0%| F|  |TS  0|AC  0|TAMS 0x0000000083a00000, 0x0000000083a00000|
|  29|0x0000000083b00000, 0x0000000083b00000, 0x0000000083c00000|  0%| F|  |TS  0|AC  0|TAMS 0x0000000083b00000, 0x0000000083b00000|
|  30|0x0000000083c00000, 0x0000000083c00000, 0x0000000083d00000|  0%| F|  |TS  0|AC  0|TAMS 0x0000000083c00000, 0x0000000083c00000|
|  31|0x0000000083d00000, 0x0000000083d00000, 0x0000000083e00000|  0%| F|  |TS  0|AC  0|TAMS 0x0000000083d00000, 0x0000000083d00000|
|  32|0x0000000083e00000, 0x0000000083e00000, 0x0000000083f00000|  0%| F|  |TS  0|AC  0|TAMS 0x0000000083e00000, 0x0000000083e00000|
|  33|0x0000000083f00000, 0x0000000083f00000, 0x0000000084000000|  0%| F|  |TS  0|AC  0|TAMS 0x0000000083f00000, 0x0000000083f00000|
|  34|0x0000000084000000, 0x0000000084000000, 0x0000000084100000|  0%| F|  |TS  0|AC  0|TAMS 0x0000000084000000, 0x0000000084000000|
|  35|0x0000000084100000, 0x0000000084100000, 0x0000000084200000|  0%| F|  |TS  0|AC  0|TAMS 0x0000000084100000, 0x0000000084100000|
|  36|0x0000000084200000, 0x0000000084200000, 0x0000000084300000|  0%| F|  |TS  0|AC  0|TAMS 0x0000000084200000, 0x0000000084200000|
|  37|0x0000000084300000, 0x0000000084300000, 0x0000000084400000|  0%| F|  |TS  0|AC  0|TAMS 0x0000000084300000, 0x0000000084300000|
|  38|0x0000000084400000, 0x0000000084400000, 0x0000000084500000|  0%| F|  |TS  0|AC  0|TAMS 0x0000000084400000, 0x0000000084400000|
|  39|0x0000000084500000, 0x0000000084500000, 0x0000000084600000|  0%| F|  |TS  0|AC  0|TAMS 0x0000000084500000, 0x0000000084500000|
|  40|0x0000000084600000, 0x0000000084600000, 0x0000000084700000|  0%| F|  |TS  0|AC  0|TAMS 0x0000000084600000, 0x0000000084600000|
|  41|0x0000000084700000, 0x0000000084700000, 0x0000000084800000|  0%| F|  |TS  0|AC  0|TAMS 0x0000000084700000, 0x0000000084700000|
|  42|0x0000000084800000, 0x0000000084800000, 0x0000000084900000|  0%| F|  |TS  0|AC  0|TAMS 0x0000000084800000, 0x0000000084800000|
|  43|0x0000000084900000, 0x0000000084900000, 0x0000000084a00000|  0%| F|  |TS  0|AC  0|TAMS 0x0000000084900000, 0x0000000084900000|
|  44|0x0000000084a00000, 0x0000000084a00000, 0x0000000084b00000|  0%| F|  |TS  0|AC  0|TAMS 0x0000000084a00000, 0x0000000084a00000|
|  45|0x0000000084b00000, 0x0000000084b00000, 0x0000000084c00000|  0%| F|  |TS  0|AC  0|TAMS 0x0000000084b00000, 0x0000000084b00000|
|  46|0x0000000084c00000, 0x0000000084c00000, 0x0000000084d00000|  0%| F|  |TS  0|AC  0|TAMS 0x0000000084c00000, 0x0000000084c00000|
|  47|0x0000000084d00000, 0x0000000084d00000, 0x0000000084e00000|  0%| F|  |TS  0|AC  0|TAMS 0x0000000084d00000, 0x0000000084d00000|
|  48|0x0000000084e00000, 0x0000000084e00000, 0x0000000084f00000|  0%| F|  |TS  0|AC  0|TAMS 0x0000000084e00000, 0x0000000084e00000|
|  49|0x0000000084f00000, 0x0000000084f00000, 0x0000000085000000|  0%| F|  |TS  0|AC  0|TAMS 0x0000000084f00000, 0x0000000084f00000|
|  50|0x0000000085000000, 0x0000000085000000, 0x0000000085100000|  0%| F|  |TS  0|AC  0|TAMS 0x0000000085000000, 0x0000000085000000|
|  51|0x0000000085100000, 0x0000000085100000, 0x0000000085200000|  0%| F|  |TS  0|AC  0|TAMS 0x0000000085100000, 0x0000000085100000|
|  52|0x0000000085200000, 0x0000000085200000, 0x0000000085300000|  0%| F|  |TS  0|AC  0|TAMS 0x0000000085200000, 0x0000000085200000|
|  53|0x0000000085300000, 0x0000000085300000, 0x0000000085400000|  0%| F|  |TS  0|AC  0|TAMS 0x0000000085300000, 0x0000000085300000|
|  54|0x0000000085400000, 0x0000000085400000, 0x0000000085500000|  0%| F|  |TS  0|AC  0|TAMS 0x0000000085400000, 0x0000000085400000|
|  55|0x0000000085500000, 0x0000000085500000, 0x0000000085600000|  0%| F|  |TS  0|AC  0|TAMS 0x0000000085500000, 0x0000000085500000|
|  56|0x0000000085600000, 0x0000000085600000, 0x0000000085700000|  0%| F|  |TS  0|AC  0|TAMS 0x0000000085600000, 0x0000000085600000|
|  57|0x0000000085700000, 0x0000000085700000, 0x0000000085800000|  0%| F|  |TS  0|AC  0|TAMS 0x0000000085700000, 0x0000000085700000|
|  58|0x0000000085800000, 0x0000000085800000, 0x0000000085900000|  0%| F|  |TS  0|AC  0|TAMS 0x0000000085800000, 0x0000000085800000|
|  59|0x0000000085900000, 0x0000000085900000, 0x0000000085a00000|  0%| F|  |TS  0|AC  0|TAMS 0x0000000085900000, 0x0000000085900000|
|  60|0x0000000085a00000, 0x0000000085a00000, 0x0000000085b00000|  0%| F|  |TS  0|AC  0|TAMS 0x0000000085a00000, 0x0000000085a00000|
|  61|0x0000000085b00000, 0x0000000085b00000, 0x0000000085c00000|  0%| F|  |TS  0|AC  0|TAMS 0x0000000085b00000, 0x0000000085b00000|
|  62|0x0000000085c00000, 0x0000000085c00000, 0x0000000085d00000|  0%| F|  |TS  0|AC  0|TAMS 0x0000000085c00000, 0x0000000085c00000|
|  63|0x0000000085d00000, 0x0000000085d00000, 0x0000000085e00000|  0%| F|  |TS  0|AC  0|TAMS 0x0000000085d00000, 0x0000000085d00000|
|  64|0x0000000085e00000, 0x0000000085e00000, 0x0000000085f00000|  0%| F|  |TS  0|AC  0|TAMS 0x0000000085e00000, 0x0000000085e00000|
|  65|0x0000000085f00000, 0x0000000085f00000, 0x0000000086000000|  0%| F|  |TS  0|AC  0|TAMS 0x0000000085f00000, 0x0000000085f00000|
|  66|0x0000000086000000, 0x0000000086000000, 0x0000000086100000|  0%| F|  |TS  0|AC  0|TAMS 0x0000000086000000, 0x0000000086000000|
|  67|0x0000000086100000, 0x0000000086100000, 0x0000000086200000|  0%| F|  |TS  0|AC  0|TAMS 0x0000000086100000, 0x0000000086100000|
|  68|0x0000000086200000, 0x0000000086200000, 0x0000000086300000|  0%| F|  |TS  0|AC  0|TAMS 0x0000000086200000, 0x0000000086200000|
|  69|0x0000000086300000, 0x0000000086300000, 0x0000000086400000|  0%| F|  |TS  0|AC  0|TAMS 0x0000000086300000, 0x0000000086300000|
|  70|0x0000000086400000, 0x0000000086400000, 0x0000000086500000|  0%| F|  |TS  0|AC  0|TAMS 0x0000000086400000, 0x0000000086400000|
|  71|0x0000000086500000, 0x0000000086500000, 0x0000000086600000|  0%| F|  |TS  0|AC  0|TAMS 0x0000000086500000, 0x0000000086500000|
|  72|0x0000000086600000, 0x0000000086600000, 0x0000000086700000|  0%| F|  |TS  0|AC  0|TAMS 0x0000000086600000, 0x0000000086600000|
|  73|0x0000000086700000, 0x0000000086700000, 0x0000000086800000|  0%| F|  |TS  0|AC  0|TAMS 0x0000000086700000, 0x0000000086700000|
|  74|0x0000000086800000, 0x0000000086800000, 0x0000000086900000|  0%| F|  |TS  0|AC  0|TAMS 0x0000000086800000, 0x0000000086800000|
|  75|0x0000000086900000, 0x0000000086900000, 0x0000000086a00000|  0%| F|  |TS  0|AC  0|TAMS 0x0000000086900000, 0x0000000086900000|
|  76|0x0000000086a00000, 0x0000000086a00000, 0x0000000086b00000|  0%| F|  |TS  0|AC  0|TAMS 0x0000000086a00000, 0x0000000086a00000|
|  77|0x0000000086b00000, 0x0000000086b00000, 0x0000000086c00000|  0%| F|  |TS  0|AC  0|TAMS 0x0000000086b00000, 0x0000000086b00000|
|  78|0x0000000086c00000, 0x0000000086c00000, 0x0000000086d00000|  0%| F|  |TS  0|AC  0|TAMS 0x0000000086c00000, 0x0000000086c00000|
|  79|0x0000000086d00000, 0x0000000086d00000, 0x0000000086e00000|  0%| F|  |TS  0|AC  0|TAMS 0x0000000086d00000, 0x0000000086d00000|
|  80|0x0000000086e00000, 0x0000000086e00000, 0x0000000086f00000|  0%| F|  |TS  0|AC  0|TAMS 0x0000000086e00000, 0x0000000086e00000|
|  81|0x0000000086f00000, 0x0000000086f00000, 0x0000000087000000|  0%| F|  |TS  0|AC  0|TAMS 0x0000000086f00000, 0x0000000086f00000|
|  82|0x0000000087000000, 0x0000000087000000, 0x0000000087100000|  0%| F|  |TS  0|AC  0|TAMS 0x0000000087000000, 0x0000000087000000|
|  83|0x0000000087100000, 0x0000000087100000, 0x0000000087200000|  0%| F|  |TS  0|AC  0|TAMS 0x0000000087100000, 0x0000000087100000|
|  84|0x0000000087200000, 0x0000000087200000, 0x0000000087300000|  0%| F|  |TS  0|AC  0|TAMS 0x0000000087200000, 0x0000000087200000|
|  85|0x0000000087300000, 0x0000000087300000, 0x0000000087400000|  0%| F|  |TS  0|AC  0|TAMS 0x0000000087300000, 0x0000000087300000|
|  86|0x0000000087400000, 0x0000000087400000, 0x0000000087500000|  0%| F|  |TS  0|AC  0|TAMS 0x0000000087400000, 0x0000000087400000|
|  87|0x0000000087500000, 0x0000000087500000, 0x0000000087600000|  0%| F|  |TS  0|AC  0|TAMS 0x0000000087500000, 0x0000000087500000|
|  88|0x0000000087600000, 0x0000000087600000, 0x0000000087700000|  0%| F|  |TS  0|AC  0|TAMS 0x0000000087600000, 0x0000000087600000|
|  89|0x0000000087700000, 0x0000000087700000, 0x0000000087800000|  0%| F|  |TS  0|AC  0|TAMS 0x0000000087700000, 0x0000000087700000|
|  90|0x0000000087800000, 0x0000000087800000, 0x0000000087900000|  0%| F|  |TS  0|AC  0|TAMS 0x0000000087800000, 0x0000000087800000|
|  91|0x0000000087900000, 0x0000000087900000, 0x0000000087a00000|  0%| F|  |TS  0|AC  0|TAMS 0x0000000087900000, 0x0000000087900000|
|  92|0x0000000087a00000, 0x0000000087a00000, 0x0000000087b00000|  0%| F|  |TS  0|AC  0|TAMS 0x0000000087a00000, 0x0000000087a00000|
|  93|0x0000000087b00000, 0x0000000087b00000, 0x0000000087c00000|  0%| F|  |TS  0|AC  0|TAMS 0x0000000087b00000, 0x0000000087b00000|
|  94|0x0000000087c00000, 0x0000000087c00000, 0x0000000087d00000|  0%| F|  |TS  0|AC  0|TAMS 0x0000000087c00000, 0x0000000087c00000|
|  95|0x0000000087d00000, 0x0000000087d00000, 0x0000000087e00000|  0%| F|  |TS  0|AC  0|TAMS 0x0000000087d00000, 0x0000000087d00000|
|  96|0x0000000087e00000, 0x0000000087e00000, 0x0000000087f00000|  0%| F|  |TS  0|AC  0|TAMS 0x0000000087e00000, 0x0000000087e00000|
|  97|0x0000000087f00000, 0x0000000087f00000, 0x0000000088000000|  0%| F|  |TS  0|AC  0|TAMS 0x0000000087f00000, 0x0000000087f00000|
|  98|0x0000000088000000, 0x0000000088000000, 0x0000000088100000|  0%| F|  |TS  0|AC  0|TAMS 0x0000000088000000, 0x0000000088000000|
|  99|0x0000000088100000, 0x0000000088100000, 0x0000000088200000|  0%| F|  |TS  0|AC  0|TAMS 0x0000000088100000, 0x0000000088100000|
| 100|0x0000000088200000, 0x0000000088200000, 0x0000000088300000|  0%| F|  |TS  0|AC  0|TAMS 0x0000000088200000, 0x0000000088200000|
| 101|0x0000000088300000, 0x0000000088300000, 0x0000000088400000|  0%| F|  |TS  0|AC  0|TAMS 0x0000000088300000, 0x0000000088300000|
| 102|0x0000000088400000, 0x0000000088400000, 0x0000000088500000|  0%| F|  |TS  0|AC  0|TAMS 0x0000000088400000, 0x0000000088400000|
| 103|0x0000000088500000, 0x0000000088500000, 0x0000000088600000|  0%| F|  |TS  0|AC  0|TAMS 0x0000000088500000, 0x0000000088500000|
| 104|0x0000000088600000, 0x0000000088600000, 0x0000000088700000|  0%| F|  |TS  0|AC  0|TAMS 0x0000000088600000, 0x0000000088600000|
| 105|0x0000000088700000, 0x0000000088700000, 0x0000000088800000|  0%| F|  |TS  0|AC  0|TAMS 0x0000000088700000, 0x0000000088700000|
| 106|0x0000000088800000, 0x0000000088800000, 0x0000000088900000|  0%| F|  |TS  0|AC  0|TAMS 0x0000000088800000, 0x0000000088800000|
| 107|0x0000000088900000, 0x0000000088900000, 0x0000000088a00000|  0%| F|  |TS  0|AC  0|TAMS 0x0000000088900000, 0x0000000088900000|
| 108|0x0000000088a00000, 0x0000000088a00000, 0x0000000088b00000|  0%| F|  |TS  0|AC  0|TAMS 0x0000000088a00000, 0x0000000088a00000|
| 109|0x0000000088b00000, 0x0000000088b00000, 0x0000000088c00000|  0%| F|  |TS  0|AC  0|TAMS 0x0000000088b00000, 0x0000000088b00000|
| 110|0x0000000088c00000, 0x0000000088c00000, 0x0000000088d00000|  0%| F|  |TS  0|AC  0|TAMS 0x0000000088c00000, 0x0000000088c00000|
| 111|0x0000000088d00000, 0x0000000088d00000, 0x0000000088e00000|  0%| F|  |TS  0|AC  0|TAMS 0x0000000088d00000, 0x0000000088d00000|
| 112|0x0000000088e00000, 0x0000000088e00000, 0x0000000088f00000|  0%| F|  |TS  0|AC  0|TAMS 0x0000000088e00000, 0x0000000088e00000|
| 113|0x0000000088f00000, 0x0000000088f00000, 0x0000000089000000|  0%| F|  |TS  0|AC  0|TAMS 0x0000000088f00000, 0x0000000088f00000|
| 114|0x0000000089000000, 0x0000000089000000, 0x0000000089100000|  0%| F|  |TS  0|AC  0|TAMS 0x0000000089000000, 0x0000000089000000|
| 115|0x0000000089100000, 0x0000000089100000, 0x0000000089200000|  0%| F|  |TS  0|AC  0|TAMS 0x0000000089100000, 0x0000000089100000|
| 116|0x0000000089200000, 0x0000000089200000, 0x0000000089300000|  0%| F|  |TS  0|AC  0|TAMS 0x0000000089200000, 0x0000000089200000|
| 117|0x0000000089300000, 0x0000000089300000, 0x0000000089400000|  0%| F|  |TS  0|AC  0|TAMS 0x0000000089300000, 0x0000000089300000|
| 118|0x0000000089400000, 0x0000000089400000, 0x0000000089500000|  0%| F|  |TS  0|AC  0|TAMS 0x0000000089400000, 0x0000000089400000|
| 119|0x0000000089500000, 0x0000000089500000, 0x0000000089600000|  0%| F|  |TS  0|AC  0|TAMS 0x0000000089500000, 0x0000000089500000|
| 120|0x0000000089600000, 0x0000000089600000, 0x0000000089700000|  0%| F|  |TS  0|AC  0|TAMS 0x0000000089600000, 0x0000000089600000|
| 121|0x0000000089700000, 0x0000000089700000, 0x0000000089800000|  0%| F|  |TS  0|AC  0|TAMS 0x0000000089700000, 0x0000000089700000|
| 122|0x0000000089800000, 0x0000000089800000, 0x0000000089900000|  0%| F|  |TS  0|AC  0|TAMS 0x0000000089800000, 0x0000000089800000|
| 123|0x0000000089900000, 0x0000000089900000, 0x0000000089a00000|  0%| F|  |TS  0|AC  0|TAMS 0x0000000089900000, 0x0000000089900000|
| 124|0x0000000089a00000, 0x0000000089a00000, 0x0000000089b00000|  0%| F|  |TS  0|AC  0|TAMS 0x0000000089a00000, 0x0000000089a00000|
| 125|0x0000000089b00000, 0x0000000089c00000, 0x0000000089c00000|100%| E|  |TS  0|AC  0|TAMS 0x0000000089b00000, 0x0000000089b00000|
| 126|0x0000000089c00000, 0x0000000089d00000, 0x0000000089d00000|100%| E|CS|TS  0|AC  0|TAMS 0x0000000089c00000, 0x0000000089c00000|
| 127|0x0000000089d00000, 0x0000000089e00000, 0x0000000089e00000|100%| E|CS|TS  0|AC  0|TAMS 0x0000000089d00000, 0x0000000089d00000|

Card table byte_map: [0x000002057b4d0000,0x000002057b8d0000] byte_map_base: 0x000002057b0c1000

Marking Bits (Prev, Next): (CMBitMap*) 0x000002055eb8f2f0, (CMBitMap*) 0x000002055eb8f328
 Prev Bits: [0x000002057bcd0000, 0x000002057dc58000)
 Next Bits: [0x000002057dc60000, 0x000002057fbe8000)

Polling page: 0x000002055eaa0000

CodeHeap 'non-profiled nmethods': size=120000Kb used=80Kb max_used=80Kb free=119919Kb
 bounds [0x0000020573130000, 0x00000205733a0000, 0x000002057a660000]
CodeHeap 'profiled nmethods': size=120000Kb used=285Kb max_used=285Kb free=119714Kb
 bounds [0x000002056bc00000, 0x000002056be70000, 0x0000020573130000]
CodeHeap 'non-nmethods': size=5760Kb used=1100Kb max_used=1111Kb free=4659Kb
 bounds [0x000002056b660000, 0x000002056b8d0000, 0x000002056bc00000]
 total_blobs=605 nmethods=223 adapters=207
 compilation: enabled

Compilation events (10 events):
Event: 0.284 Thread 0x0000020502fb0000 nmethod 219 0x000002056bc44d90 code [0x000002056bc44fe0, 0x000002056bc459b8]
Event: 0.285 Thread 0x0000020502fad000 nmethod 214 0x0000020573143b90 code [0x0000020573143d20, 0x0000020573143ed8]
Event: 0.293 Thread 0x0000020502fa3000  221       4       java.lang.StringLatin1::charAt (28 bytes)
Event: 0.293 Thread 0x0000020502fb0000  220       3       java.lang.String::charAt (25 bytes)
Event: 0.294 Thread 0x0000020502fb0000 nmethod 220 0x000002056bc45c90 code [0x000002056bc45ea0, 0x000002056bc46420]
Event: 0.295 Thread 0x0000020502fa3000 nmethod 221 0x0000020573144010 code [0x00000205731441a0, 0x0000020573144278]
Event: 0.295 Thread 0x0000020502fb0000  222       3       java.lang.AbstractStringBuilder::<init> (39 bytes)
Event: 0.295 Thread 0x0000020502fb0000 nmethod 222 0x000002056bc46690 code [0x000002056bc46860, 0x000002056bc46b38]
Event: 0.295 Thread 0x0000020502fb0000  223       3       java.lang.StringBuilder::toString (35 bytes)
Event: 0.295 Thread 0x0000020502fb0000 nmethod 223 0x000002056bc46c10 code [0x000002056bc46e00, 0x000002056bc47320]

GC Heap History (0 events):
No events

Deoptimization events (4 events):
Event: 0.166 Thread 0x000002055eae7800 Uncommon trap: reason=unstable_if action=reinterpret pc=0x0000020573139180 method=java.util.AbstractCollection.isEmpty()Z @ 4 c2
Event: 0.208 Thread 0x000002055eae7800 Uncommon trap: reason=unstable_if action=reinterpret pc=0x00000205731328a8 method=java.lang.String.hashCode()I @ 14 c2
Event: 0.231 Thread 0x000002055eae7800 Uncommon trap: reason=unstable_if action=reinterpret pc=0x0000020573131ffc method=java.lang.String.isLatin1()Z @ 10 c2
Event: 0.293 Thread 0x000002055eae7800 Uncommon trap: reason=unstable_if action=reinterpret pc=0x0000020573142f7c method=java.lang.String.charAt(I)C @ 4 c2

Classes redefined (2 events):
Event: 50.572 Thread 0x000002050273f800 redefined class name=Whiteboard05_Array_rotate, count=1
Event: 92.431 Thread 0x000002050273f800 redefined class name=Whiteboard05_Array_rotate, count=2

Internal exceptions (0 events):
No events

Events (10 events):
Event: 92.434 Executing VM operation: GetFrameLocation done
Event: 92.626 Executing VM operation: ChangeBreakpoints
Event: 92.626 Executing VM operation: ChangeBreakpoints done
Event: 92.723 Executing VM operation: GetFrameCount
Event: 92.723 Executing VM operation: GetFrameCount done
Event: 92.723 Executing VM operation: GetFrameLocation
Event: 92.723 Executing VM operation: GetFrameLocation done
Event: 92.724 Executing VM operation: GetFrameLocation
Event: 92.724 Executing VM operation: GetFrameLocation done
Event: 92.764 Executing VM operation: GetOrSetLocal


Dynamic libraries:
0x00007ff61f750000 - 0x00007ff61f78e000 	C:\Program Files\Java\jdk-10.0.1\bin\java.exe
0x00007ffe6d470000 - 0x00007ffe6d651000 	C:\WINDOWS\SYSTEM32\ntdll.dll
0x00007ffe513e0000 - 0x00007ffe51414000 	C:\Program Files\AVAST Software\Avast\x64\aswhooka.dll
0x00007ffe6d370000 - 0x00007ffe6d422000 	C:\WINDOWS\System32\KERNEL32.DLL
0x00007ffe69e20000 - 0x00007ffe6a093000 	C:\WINDOWS\System32\KERNELBASE.dll
0x00007ffe6ca70000 - 0x00007ffe6cb11000 	C:\WINDOWS\System32\ADVAPI32.dll
0x00007ffe6c850000 - 0x00007ffe6c8ee000 	C:\WINDOWS\System32\msvcrt.dll
0x00007ffe6c100000 - 0x00007ffe6c15b000 	C:\WINDOWS\System32\sechost.dll
0x00007ffe6cb20000 - 0x00007ffe6cc44000 	C:\WINDOWS\System32\RPCRT4.dll
0x00007ffe6c490000 - 0x00007ffe6c620000 	C:\WINDOWS\System32\USER32.dll
0x00007ffe69d50000 - 0x00007ffe69d70000 	C:\WINDOWS\System32\win32u.dll
0x00007ffe6d2a0000 - 0x00007ffe6d2c8000 	C:\WINDOWS\System32\GDI32.dll
0x00007ffe69bb0000 - 0x00007ffe69d42000 	C:\WINDOWS\System32\gdi32full.dll
0x00007ffe6a860000 - 0x00007ffe6a8ff000 	C:\WINDOWS\System32\msvcp_win.dll
0x00007ffe69a30000 - 0x00007ffe69b2a000 	C:\WINDOWS\System32\ucrtbase.dll
0x00007ffe53ed0000 - 0x00007ffe54139000 	C:\WINDOWS\WinSxS\amd64_microsoft.windows.common-controls_6595b64144ccf1df_6.0.17134.165_none_fb429645306569ac\COMCTL32.dll
0x00007ffe6c160000 - 0x00007ffe6c483000 	C:\WINDOWS\System32\combase.dll
0x00007ffe69b30000 - 0x00007ffe69baa000 	C:\WINDOWS\System32\bcryptPrimitives.dll
0x00007ffe58f20000 - 0x00007ffe58f2a000 	C:\WINDOWS\SYSTEM32\VERSION.dll
0x00007ffe6cd80000 - 0x00007ffe6cdad000 	C:\WINDOWS\System32\IMM32.DLL
0x00007ffe31960000 - 0x00007ffe31a4f000 	C:\Program Files\Java\jdk-10.0.1\bin\msvcr120.dll
0x00007ffe36e00000 - 0x00007ffe36ea6000 	C:\Program Files\Java\jdk-10.0.1\bin\msvcp120.dll
0x0000000075d20000 - 0x0000000076790000 	C:\Program Files\Java\jdk-10.0.1\bin\server\jvm.dll
0x00007ffe6ab60000 - 0x00007ffe6ab68000 	C:\WINDOWS\System32\PSAPI.DLL
0x00007ffe58e90000 - 0x00007ffe58e99000 	C:\WINDOWS\SYSTEM32\WSOCK32.dll
0x00007ffe6c7e0000 - 0x00007ffe6c84c000 	C:\WINDOWS\System32\WS2_32.dll
0x00007ffe5da20000 - 0x00007ffe5da43000 	C:\WINDOWS\SYSTEM32\WINMM.dll
0x00007ffe5d790000 - 0x00007ffe5d7ba000 	C:\WINDOWS\SYSTEM32\WINMMBASE.dll
0x00007ffe69d70000 - 0x00007ffe69db9000 	C:\WINDOWS\System32\cfgmgr32.dll
0x00007ffe646c0000 - 0x00007ffe646cf000 	C:\Program Files\Java\jdk-10.0.1\bin\verify.dll
0x00007ffe681c0000 - 0x00007ffe68389000 	C:\WINDOWS\SYSTEM32\DBGHELP.DLL
0x00007ffe620e0000 - 0x00007ffe62109000 	C:\WINDOWS\SYSTEM32\dbgcore.DLL
0x00007ffe621e0000 - 0x00007ffe62207000 	C:\Program Files\Java\jdk-10.0.1\bin\java.dll
0x00007ffe5d330000 - 0x00007ffe5d366000 	C:\Program Files\Java\jdk-10.0.1\bin\jdwp.dll
0x00007ffe5d200000 - 0x00007ffe5d22a000 	C:\Program Files\Java\jdk-10.0.1\bin\instrument.dll
0x00007ffe646a0000 - 0x00007ffe646b6000 	C:\Program Files\Java\jdk-10.0.1\bin\zip.dll
0x00007ffe64600000 - 0x00007ffe6460a000 	C:\Program Files\Java\jdk-10.0.1\bin\jimage.dll
0x00007ffe6abd0000 - 0x00007ffe6c010000 	C:\WINDOWS\System32\SHELL32.dll
0x00007ffe6a900000 - 0x00007ffe6a9a9000 	C:\WINDOWS\System32\shcore.dll
0x00007ffe6a150000 - 0x00007ffe6a85d000 	C:\WINDOWS\System32\windows.storage.dll
0x00007ffe6c620000 - 0x00007ffe6c671000 	C:\WINDOWS\System32\shlwapi.dll
0x00007ffe69820000 - 0x00007ffe69831000 	C:\WINDOWS\System32\kernel.appcore.dll
0x00007ffe69800000 - 0x00007ffe6981f000 	C:\WINDOWS\System32\profapi.dll
0x00007ffe697b0000 - 0x00007ffe697fc000 	C:\WINDOWS\System32\powrprof.dll
0x00007ffe69780000 - 0x00007ffe6978a000 	C:\WINDOWS\System32\FLTLIB.DLL
0x00007ffe61720000 - 0x00007ffe6172a000 	C:\Program Files\Java\jdk-10.0.1\bin\dt_socket.dll
0x00007ffe69000000 - 0x00007ffe69066000 	C:\WINDOWS\system32\mswsock.dll
0x00007ffe610c0000 - 0x00007ffe610da000 	C:\Program Files\Java\jdk-10.0.1\bin\net.dll
0x00007ffe61cc0000 - 0x00007ffe61d9c000 	C:\WINDOWS\SYSTEM32\WINHTTP.dll
0x00007ffe5ce80000 - 0x00007ffe5ce91000 	C:\Program Files\Java\jdk-10.0.1\bin\nio.dll

dbghelp: loaded successfully - version: 4.0.5 - missing functions: none
symbol engine: initialized successfully - sym options: 0x614 - pdb path: .;C:\Program Files\Java\jdk-10.0.1\bin;C:\WINDOWS\SYSTEM32;C:\Program Files\AVAST Software\Avast\x64;C:\WINDOWS\WinSxS\amd64_microsoft.windows.common-controls_6595b64144ccf1df_6.0.17134.165_none_fb429645306569ac;C:\Program Files\Java\jdk-10.0.1\bin\server

VM Arguments:
jvm_args: -agentlib:jdwp=transport=dt_socket,address=127.0.0.1:49660,suspend=y,server=n -javaagent:C:\Users\H_K_K\.IdeaIC2018.1\system\captureAgent\debugger-agent.jar=file:/C:/Users/H_K_K/AppData/Local/Temp/capture.props -Dfile.encoding=UTF-8 
java_command: Whiteboard05_Array_rotate
java_class_path (initial): C:\Users\H_K_K\codefellows\401\data-structures-and-algorithms\out\production\data-structures-and-algorithms;C:\Program Files\JetBrains\IntelliJ IDEA Community Edition 2018.1.5\lib\groovy-all-2.4.12.jar;C:\Program Files\JetBrains\IntelliJ IDEA Community Edition 2018.1.5\lib\idea_rt.jar
Launcher Type: SUN_STANDARD

Logging:
Log output configuration:
#0: stdout all=warning uptime,level,tags
#1: stderr all=off uptime,level,tags

Environment Variables:
PATH=C:\Program Files (x86)\Common Files\Oracle\Java\javapath;C:\ProgramData\Oracle\Java\javapath;C:\Program Files (x86)\Intel\iCLS Client\;C:\Program Files\Intel\iCLS Client\;C:\WINDOWS\system32;C:\WINDOWS;C:\WINDOWS\System32\Wbem;C:\WINDOWS\System32\WindowsPowerShell\v1.0\;C:\Program Files (x86)\Intel\Intel(R) Management Engine Components\DAL;C:\Program Files\Intel\Intel(R) Management Engine Components\DAL;C:\Program Files (x86)\Intel\Intel(R) Management Engine Components\IPT;C:\Program Files\Intel\Intel(R) Management Engine Components\IPT;C:\Program Files\Git\cmd;C:\Program Files\nodejs\;C:\WINDOWS\System32\OpenSSH\;C:\Program Files\Intel\WiFi\bin\;C:\Program Files\Common Files\Intel\WirelessCommon\;C:\Users\H_K_K\AppData\Local\Microsoft\WindowsApps;C:\Program Files\Microsoft VS Code\bin;C:\Users\H_K_K\AppData\Local\GitHubDesktop\bin;C:\Users\H_K_K\OneDrive\Documents\bin;;%USERPROFILE%\AppData\Local\Microsoft\WindowsApps
USERNAME=H_K_K
OS=Windows_NT
PROCESSOR_IDENTIFIER=Intel64 Family 6 Model 142 Stepping 10, GenuineIntel



---------------  S Y S T E M  ---------------

OS: Windows 10 , 64 bit Build 17134 (10.0.17134.1)

CPU:total 8 (initial active 8) (4 cores per cpu, 2 threads per core) family 6 model 142 stepping 10, cmov, cx8, fxsr, mmx, sse, sse2, sse3, ssse3, sse4.1, sse4.2, popcnt, avx, avx2, aes, clmul, erms, 3dnowpref, lzcnt, ht, tsc, tscinvbit, bmi1, bmi2, adx, fma

Memory: 4k page, physical 8259236k(2431244k free), swap 12191396k(3136700k free)

vm_info: Java HotSpot(TM) 64-Bit Server VM (10.0.1+10) for windows-amd64 JRE (10.0.1+10), built on Mar 27 2018 02:27:48 by "mach5one" with MS VC++ 12.0 (VS2013)

END.
